===2020-04-03 16:38:08.337 INFO  com.fh.postg.PostgApplication Line:55  - Starting PostgApplication on DESKTOP-190729 with PID 10988 (E:\文档下载\spring-boot-demo-master\spring-boot-demo-master\postg\target\classes started by Administrator in E:\文档下载\spring-boot-demo-master\spring-boot-demo-master\postg)
===2020-04-03 16:38:08.338 INFO  com.fh.postg.PostgApplication Line:651 - No active profile set, falling back to default profiles: default
===2020-04-03 16:38:08.933 INFO  org.apache.coyote.http11.Http11NioProtocol Line:173 - Initializing ProtocolHandler ["http-nio-8080"]
===2020-04-03 16:38:08.934 INFO  org.apache.catalina.core.StandardService Line:173 - Starting service [Tomcat]
===2020-04-03 16:38:08.934 INFO  org.apache.catalina.core.StandardEngine Line:173 - Starting Servlet engine: [Apache Tomcat/9.0.33]
===2020-04-03 16:38:08.986 INFO  org.apache.catalina.core.ContainerBase.[Tomcat].[localhost].[/] Line:173 - Initializing Spring embedded WebApplicationContext
===2020-04-03 16:38:09.257 INFO  org.apache.coyote.http11.Http11NioProtocol Line:173 - Starting ProtocolHandler ["http-nio-8080"]
===2020-04-03 16:38:09.271 INFO  com.fh.postg.PostgApplication Line:61  - Started PostgApplication in 1.2 seconds (JVM running for 1.559)
===2020-04-03 16:38:14.297 INFO  org.apache.catalina.core.ContainerBase.[Tomcat].[localhost].[/] Line:173 - Initializing Spring DispatcherServlet 'dispatcherServlet'
===2020-04-03 16:38:14.365 INFO  com.zaxxer.hikari.HikariDataSource Line:110 - HikariPool-1 - Starting...
===2020-04-03 16:38:14.410 INFO  com.zaxxer.hikari.HikariDataSource Line:123 - HikariPool-1 - Start completed.
===2020-04-03 16:46:59.524 INFO  com.fh.postg.PostgApplication Line:55  - Starting PostgApplication on DESKTOP-190729 with PID 13296 (E:\文档下载\spring-boot-demo-master\spring-boot-demo-master\postg\target\classes started by Administrator in E:\文档下载\spring-boot-demo-master\spring-boot-demo-master\postg)
===2020-04-03 16:46:59.526 INFO  com.fh.postg.PostgApplication Line:651 - No active profile set, falling back to default profiles: default
===2020-04-03 16:47:00.103 INFO  org.apache.coyote.http11.Http11NioProtocol Line:173 - Initializing ProtocolHandler ["http-nio-8080"]
===2020-04-03 16:47:00.104 INFO  org.apache.catalina.core.StandardService Line:173 - Starting service [Tomcat]
===2020-04-03 16:47:00.104 INFO  org.apache.catalina.core.StandardEngine Line:173 - Starting Servlet engine: [Apache Tomcat/9.0.33]
===2020-04-03 16:47:00.156 INFO  org.apache.catalina.core.ContainerBase.[Tomcat].[localhost].[/] Line:173 - Initializing Spring embedded WebApplicationContext
===2020-04-03 16:47:00.419 INFO  org.apache.coyote.http11.Http11NioProtocol Line:173 - Starting ProtocolHandler ["http-nio-8080"]
===2020-04-03 16:47:00.432 INFO  com.fh.postg.PostgApplication Line:61  - Started PostgApplication in 1.152 seconds (JVM running for 1.521)
===2020-04-03 16:47:05.937 INFO  org.apache.catalina.core.ContainerBase.[Tomcat].[localhost].[/] Line:173 - Initializing Spring DispatcherServlet 'dispatcherServlet'
===2020-04-03 16:47:05.999 INFO  com.zaxxer.hikari.HikariDataSource Line:110 - HikariPool-1 - Starting...
===2020-04-03 16:47:06.041 INFO  com.zaxxer.hikari.HikariDataSource Line:123 - HikariPool-1 - Start completed.
===2020-04-03 16:48:50.007 INFO  com.fh.postg.PostgApplication Line:55  - Starting PostgApplication on DESKTOP-190729 with PID 17800 (E:\文档下载\spring-boot-demo-master\spring-boot-demo-master\postg\target\classes started by Administrator in E:\文档下载\spring-boot-demo-master\spring-boot-demo-master\postg)
===2020-04-03 16:48:50.009 INFO  com.fh.postg.PostgApplication Line:651 - No active profile set, falling back to default profiles: default
===2020-04-03 16:48:50.618 INFO  org.apache.coyote.http11.Http11NioProtocol Line:173 - Initializing ProtocolHandler ["http-nio-8080"]
===2020-04-03 16:48:50.618 INFO  org.apache.catalina.core.StandardService Line:173 - Starting service [Tomcat]
===2020-04-03 16:48:50.619 INFO  org.apache.catalina.core.StandardEngine Line:173 - Starting Servlet engine: [Apache Tomcat/9.0.33]
===2020-04-03 16:48:50.673 INFO  org.apache.catalina.core.ContainerBase.[Tomcat].[localhost].[/] Line:173 - Initializing Spring embedded WebApplicationContext
===2020-04-03 16:48:50.950 INFO  org.apache.coyote.http11.Http11NioProtocol Line:173 - Starting ProtocolHandler ["http-nio-8080"]
===2020-04-03 16:48:50.962 INFO  com.fh.postg.PostgApplication Line:61  - Started PostgApplication in 1.195 seconds (JVM running for 1.563)
===2020-04-03 16:48:55.018 INFO  org.apache.catalina.core.ContainerBase.[Tomcat].[localhost].[/] Line:173 - Initializing Spring DispatcherServlet 'dispatcherServlet'
===2020-04-03 16:48:55.081 INFO  com.zaxxer.hikari.HikariDataSource Line:110 - HikariPool-1 - Starting...
===2020-04-03 16:48:55.124 INFO  com.zaxxer.hikari.HikariDataSource Line:123 - HikariPool-1 - Start completed.
===2020-04-03 16:49:39.953 INFO  com.fh.postg.PostgApplication Line:55  - Starting PostgApplication on DESKTOP-190729 with PID 18560 (E:\文档下载\spring-boot-demo-master\spring-boot-demo-master\postg\target\classes started by Administrator in E:\文档下载\spring-boot-demo-master\spring-boot-demo-master\postg)
===2020-04-03 16:49:39.955 INFO  com.fh.postg.PostgApplication Line:651 - No active profile set, falling back to default profiles: default
===2020-04-03 16:49:40.579 INFO  org.apache.coyote.http11.Http11NioProtocol Line:173 - Initializing ProtocolHandler ["http-nio-8080"]
===2020-04-03 16:49:40.580 INFO  org.apache.catalina.core.StandardService Line:173 - Starting service [Tomcat]
===2020-04-03 16:49:40.580 INFO  org.apache.catalina.core.StandardEngine Line:173 - Starting Servlet engine: [Apache Tomcat/9.0.33]
===2020-04-03 16:49:40.632 INFO  org.apache.catalina.core.ContainerBase.[Tomcat].[localhost].[/] Line:173 - Initializing Spring embedded WebApplicationContext
===2020-04-03 16:49:40.898 INFO  org.apache.coyote.http11.Http11NioProtocol Line:173 - Starting ProtocolHandler ["http-nio-8080"]
===2020-04-03 16:49:40.912 INFO  com.fh.postg.PostgApplication Line:61  - Started PostgApplication in 1.189 seconds (JVM running for 1.538)
===2020-04-03 16:49:43.760 INFO  org.apache.catalina.core.ContainerBase.[Tomcat].[localhost].[/] Line:173 - Initializing Spring DispatcherServlet 'dispatcherServlet'
===2020-04-03 16:49:43.821 INFO  com.zaxxer.hikari.HikariDataSource Line:110 - HikariPool-1 - Starting...
===2020-04-03 16:49:43.866 INFO  com.zaxxer.hikari.HikariDataSource Line:123 - HikariPool-1 - Start completed.
